<?xml version="1.0" encoding="UTF-8"?>
<testsuite xmlns:xsi="http://www.w3.org/2001/XMLSchema-instance" xsi:noNamespaceSchemaLocation="https://maven.apache.org/surefire/maven-surefire-plugin/xsd/surefire-test-report.xsd" version="3.0.2" name="uk.ac.ucl.ArrayMySetAddRemoveSizeTest" time="0.011" tests="9" errors="0" skipped="0" failures="0">
  <properties>
    <property name="java.specification.version" value="23"/>
    <property name="sun.jnu.encoding" value="UTF-8"/>
    <property name="java.class.path" value="/home/alex/UCL/COMP0004MySet/target/test-classes:/home/alex/UCL/COMP0004MySet/target/classes:/home/alex/.m2/repository/org/junit/jupiter/junit-jupiter-engine/5.12.1/junit-jupiter-engine-5.12.1.jar:/home/alex/.m2/repository/org/junit/platform/junit-platform-engine/1.12.1/junit-platform-engine-1.12.1.jar:/home/alex/.m2/repository/org/opentest4j/opentest4j/1.3.0/opentest4j-1.3.0.jar:/home/alex/.m2/repository/org/junit/platform/junit-platform-commons/1.12.1/junit-platform-commons-1.12.1.jar:/home/alex/.m2/repository/org/junit/jupiter/junit-jupiter-api/5.12.1/junit-jupiter-api-5.12.1.jar:/home/alex/.m2/repository/org/apiguardian/apiguardian-api/1.1.2/apiguardian-api-1.1.2.jar:/home/alex/.m2/repository/org/mockito/mockito-core/3.6.0/mockito-core-3.6.0.jar:/home/alex/.m2/repository/net/bytebuddy/byte-buddy/1.10.15/byte-buddy-1.10.15.jar:/home/alex/.m2/repository/net/bytebuddy/byte-buddy-agent/1.10.15/byte-buddy-agent-1.10.15.jar:/home/alex/.m2/repository/org/objenesis/objenesis/3.1/objenesis-3.1.jar:/home/alex/.m2/repository/org/mockito/mockito-junit-jupiter/3.6.0/mockito-junit-jupiter-3.6.0.jar:"/>
    <property name="java.vm.vendor" value="Oracle Corporation"/>
    <property name="sun.arch.data.model" value="64"/>
    <property name="java.vendor.url" value="https://java.oracle.com/"/>
    <property name="os.name" value="Linux"/>
    <property name="java.vm.specification.version" value="23"/>
    <property name="sun.java.launcher" value="SUN_STANDARD"/>
    <property name="user.country" value="US"/>
    <property name="sun.boot.library.path" value="/home/alex/.jdks/graalvm-jdk-23.0.2/lib"/>
    <property name="sun.java.command" value="/home/alex/UCL/COMP0004MySet/target/surefire/surefirebooter-20250418161214916_3.jar /home/alex/UCL/COMP0004MySet/target/surefire 2025-04-18T16-12-14_867-jvmRun1 surefire-20250418161214916_1tmp surefire_0-20250418161214916_2tmp"/>
    <property name="jdk.debug" value="release"/>
    <property name="surefire.test.class.path" value="/home/alex/UCL/COMP0004MySet/target/test-classes:/home/alex/UCL/COMP0004MySet/target/classes:/home/alex/.m2/repository/org/junit/jupiter/junit-jupiter-engine/5.12.1/junit-jupiter-engine-5.12.1.jar:/home/alex/.m2/repository/org/junit/platform/junit-platform-engine/1.12.1/junit-platform-engine-1.12.1.jar:/home/alex/.m2/repository/org/opentest4j/opentest4j/1.3.0/opentest4j-1.3.0.jar:/home/alex/.m2/repository/org/junit/platform/junit-platform-commons/1.12.1/junit-platform-commons-1.12.1.jar:/home/alex/.m2/repository/org/junit/jupiter/junit-jupiter-api/5.12.1/junit-jupiter-api-5.12.1.jar:/home/alex/.m2/repository/org/apiguardian/apiguardian-api/1.1.2/apiguardian-api-1.1.2.jar:/home/alex/.m2/repository/org/mockito/mockito-core/3.6.0/mockito-core-3.6.0.jar:/home/alex/.m2/repository/net/bytebuddy/byte-buddy/1.10.15/byte-buddy-1.10.15.jar:/home/alex/.m2/repository/net/bytebuddy/byte-buddy-agent/1.10.15/byte-buddy-agent-1.10.15.jar:/home/alex/.m2/repository/org/objenesis/objenesis/3.1/objenesis-3.1.jar:/home/alex/.m2/repository/org/mockito/mockito-junit-jupiter/3.6.0/mockito-junit-jupiter-3.6.0.jar:"/>
    <property name="sun.cpu.endian" value="little"/>
    <property name="user.home" value="/home/alex"/>
    <property name="user.language" value="en"/>
    <property name="java.specification.vendor" value="Oracle Corporation"/>
    <property name="java.version.date" value="2025-01-21"/>
    <property name="java.home" value="/home/alex/.jdks/graalvm-jdk-23.0.2"/>
    <property name="file.separator" value="/"/>
    <property name="basedir" value="/home/alex/UCL/COMP0004MySet"/>
    <property name="java.vm.compressedOopsMode" value="Zero based"/>
    <property name="jdk.internal.vm.ci.enabled" value="true"/>
    <property name="line.separator" value="&#10;"/>
    <property name="java.vm.specification.vendor" value="Oracle Corporation"/>
    <property name="java.specification.name" value="Java Platform API Specification"/>
    <property name="surefire.real.class.path" value="/home/alex/UCL/COMP0004MySet/target/surefire/surefirebooter-20250418161214916_3.jar"/>
    <property name="sun.management.compiler" value="HotSpot 64-Bit Tiered Compilers"/>
    <property name="java.runtime.version" value="23.0.2+7-jvmci-b01"/>
    <property name="user.name" value="alex"/>
    <property name="stdout.encoding" value="UTF-8"/>
    <property name="path.separator" value=":"/>
    <property name="os.version" value="6.11.0-21-generic"/>
    <property name="java.runtime.name" value="Java(TM) SE Runtime Environment"/>
    <property name="file.encoding" value="UTF-8"/>
    <property name="java.vm.name" value="Java HotSpot(TM) 64-Bit Server VM"/>
    <property name="java.vendor.version" value="Oracle GraalVM 23.0.2+7.1"/>
    <property name="localRepository" value="/home/alex/.m2/repository"/>
    <property name="java.vendor.url.bug" value="https://bugreport.java.com/bugreport/"/>
    <property name="java.io.tmpdir" value="/tmp"/>
    <property name="idea.version" value="2025.1"/>
    <property name="java.version" value="23.0.2"/>
    <property name="user.dir" value="/home/alex/UCL/COMP0004MySet"/>
    <property name="os.arch" value="amd64"/>
    <property name="java.vm.specification.name" value="Java Virtual Machine Specification"/>
    <property name="native.encoding" value="UTF-8"/>
    <property name="java.library.path" value="/usr/java/packages/lib:/usr/lib64:/lib64:/lib:/usr/lib"/>
    <property name="java.vm.info" value="mixed mode, sharing"/>
    <property name="stderr.encoding" value="UTF-8"/>
    <property name="java.vendor" value="Oracle Corporation"/>
    <property name="java.vm.version" value="23.0.2+7-jvmci-b01"/>
    <property name="sun.io.unicode.encoding" value="UnicodeLittle"/>
    <property name="java.class.version" value="67.0"/>
  </properties>
  <testcase name="aNewSetShouldBeEmpty" classname="uk.ac.ucl.ArrayMySetAddRemoveSizeTest" time="0.001"/>
  <testcase name="removingAValueShouldReduceTheSizeByOne" classname="uk.ac.ucl.ArrayMySetAddRemoveSizeTest" time="0.001"/>
  <testcase name="aSetWithOneValueShouldHaveSizeOne" classname="uk.ac.ucl.ArrayMySetAddRemoveSizeTest" time="0.001"/>
  <testcase name="aSetShouldContainAllTheValuesAfterAddAll" classname="uk.ac.ucl.ArrayMySetAddRemoveSizeTest" time="0.001"/>
  <testcase name="removingTheLastValueShouldLeaveAnEmptySet" classname="uk.ac.ucl.ArrayMySetAddRemoveSizeTest" time="0.001"/>
  <testcase name="aNewSetShouldHaveSizeZero" classname="uk.ac.ucl.ArrayMySetAddRemoveSizeTest" time="0.0"/>
  <testcase name="removingAValueNotInTheSetShouldNotChangeTheSet" classname="uk.ac.ucl.ArrayMySetAddRemoveSizeTest" time="0.0"/>
  <testcase name="addingToAFullSetShouldThrowAnException" classname="uk.ac.ucl.ArrayMySetAddRemoveSizeTest" time="0.001"/>
  <testcase name="aSetShouldContainAValueAfterItIsAdded" classname="uk.ac.ucl.ArrayMySetAddRemoveSizeTest" time="0.001"/>
</testsuite>